[INFO][2025.01.24 19:52:35][line 911]
启动adb server

[INFO][2025.01.24 19:52:37][line 916]
连接设备: 127.0.0.1:7555

[ERROR][2025.01.24 19:52:40][line 1000]
连接失败: Command '['D:\\YXArkNights-12.0\\shell\\adb.exe', '-s', '127.0.0.1:7555', 'shell', 'wm size']' returned non-zero exit status 1.

[INFO][2025.01.24 19:53:17][line 911]
启动adb server

[INFO][2025.01.24 19:53:17][line 916]
连接设备: 127.0.0.1:7555

[INFO][2025.01.24 19:53:17][line 928]
屏幕大小: (1080, 1920)

[INFO][2025.01.24 19:53:17][line 940]
屏幕方向: 1度

[INFO][2025.01.24 19:53:17][line 950]
设备CPU架构: x86_64

[ERROR][2025.01.24 19:53:17][line 957]
找不到minitouch文件: resource\minitouch\x86_64\minitouch

[INFO][2025.01.24 19:56:16][line 911]
启动adb server

[INFO][2025.01.24 19:56:16][line 916]
连接设备: 127.0.0.1:7555

[INFO][2025.01.24 19:56:17][line 928]
屏幕大小: (1080, 1920)

[INFO][2025.01.24 19:56:17][line 940]
屏幕方向: 1度

[INFO][2025.01.24 19:56:17][line 950]
设备CPU架构: x86_64

[ERROR][2025.01.24 19:56:17][line 957]
找不到minitouch文件: resource\minitouch\x86_64\minitouch

[INFO][2025.01.24 19:56:54][line 911]
启动adb server

[INFO][2025.01.24 19:56:54][line 916]
连接设备: 127.0.0.1:7555

[INFO][2025.01.24 19:56:54][line 928]
屏幕大小: (1080, 1920)

[INFO][2025.01.24 19:56:54][line 940]
屏幕方向: 1度

[INFO][2025.01.24 19:56:54][line 950]
设备CPU架构: x86_64

[ERROR][2025.01.24 19:56:54][line 957]
找不到minitouch文件: resource\minitouch\x86_64\minitouch

[INFO][2025.01.24 19:57:59][line 911]
启动adb server

[INFO][2025.01.24 19:58:00][line 916]
连接设备: 127.0.0.1:7555

[INFO][2025.01.24 19:58:00][line 928]
屏幕大小: (1080, 1920)

[INFO][2025.01.24 19:58:00][line 940]
屏幕方向: 1度

[INFO][2025.01.24 19:58:00][line 950]
设备CPU架构: x86_64

[ERROR][2025.01.24 19:58:00][line 957]
找不到minitouch文件: resource\minitouch\x86_64\minitouch

[INFO][2025.01.24 19:58:00][line 911]
启动adb server

[INFO][2025.01.24 19:58:00][line 916]
连接设备: 127.0.0.1:7555

[INFO][2025.01.24 19:58:00][line 928]
屏幕大小: (1080, 1920)

[INFO][2025.01.24 19:58:00][line 940]
屏幕方向: 1度

[INFO][2025.01.24 19:58:00][line 950]
设备CPU架构: x86_64

[ERROR][2025.01.24 19:58:00][line 957]
找不到minitouch文件: resource\minitouch\x86_64\minitouch

[INFO][2025.01.24 20:00:22][line 911]
启动adb server

[INFO][2025.01.24 20:00:22][line 916]
连接设备: 127.0.0.1:7555

[INFO][2025.01.24 20:00:22][line 928]
屏幕大小: (1080, 1920)

[INFO][2025.01.24 20:00:22][line 940]
屏幕方向: 1度

[INFO][2025.01.24 20:00:22][line 950]
设备CPU架构: x86_64

[ERROR][2025.01.24 20:00:22][line 957]
找不到minitouch文件: resource\minitouch\x86_64\minitouch

[INFO][2025.01.24 20:00:22][line 911]
启动adb server

[INFO][2025.01.24 20:00:22][line 916]
连接设备: 127.0.0.1:7555

[INFO][2025.01.24 20:00:22][line 928]
屏幕大小: (1080, 1920)

[INFO][2025.01.24 20:00:22][line 940]
屏幕方向: 1度

[INFO][2025.01.24 20:00:23][line 950]
设备CPU架构: x86_64

[ERROR][2025.01.24 20:00:23][line 957]
找不到minitouch文件: resource\minitouch\x86_64\minitouch

[INFO][2025.01.24 20:01:16][line 911]
启动adb server

[INFO][2025.01.24 20:01:16][line 916]
连接设备: 127.0.0.1:7555

[INFO][2025.01.24 20:01:16][line 928]
屏幕大小: (1080, 1920)

[INFO][2025.01.24 20:01:16][line 940]
屏幕方向: 1度

[INFO][2025.01.24 20:01:16][line 950]
设备CPU架构: x86_64

[INFO][2025.01.24 20:01:17][line 990]
minitouch启动成功

[INFO][2025.01.24 20:01:18][line 911]
启动adb server

[INFO][2025.01.24 20:01:18][line 916]
连接设备: 127.0.0.1:7555

[INFO][2025.01.24 20:01:18][line 928]
屏幕大小: (1080, 1920)

[INFO][2025.01.24 20:01:18][line 940]
屏幕方向: 1度

[INFO][2025.01.24 20:01:18][line 950]
设备CPU架构: x86_64

[ERROR][2025.01.24 20:01:19][line 988]
minitouch启动失败

[INFO][2025.01.24 21:03:40][line 911]
启动adb server

[INFO][2025.01.24 21:03:40][line 916]
连接设备: 127.0.0.1:7555

[INFO][2025.01.24 21:03:40][line 928]
屏幕大小: (1080, 1920)

[INFO][2025.01.24 21:03:40][line 940]
屏幕方向: 1度

[INFO][2025.01.24 21:03:40][line 950]
设备CPU架构: x86_64

[INFO][2025.01.24 21:03:42][line 990]
minitouch启动成功

[INFO][2025.01.24 21:06:19][line 911]
启动adb server

[INFO][2025.01.24 21:06:19][line 916]
连接设备: 127.0.0.1:7555

[INFO][2025.01.24 21:06:19][line 928]
屏幕大小: (1080, 1920)

[INFO][2025.01.24 21:06:19][line 940]
屏幕方向: 1度

[INFO][2025.01.24 21:06:19][line 950]
设备CPU架构: x86_64

[INFO][2025.01.24 21:06:20][line 990]
minitouch启动成功

[INFO][2025.01.24 21:06:21][line 911]
启动adb server

[INFO][2025.01.24 21:06:21][line 916]
连接设备: 127.0.0.1:7555

[INFO][2025.01.24 21:06:21][line 928]
屏幕大小: (1080, 1920)

[INFO][2025.01.24 21:06:21][line 940]
屏幕方向: 1度

[INFO][2025.01.24 21:06:21][line 950]
设备CPU架构: x86_64

[ERROR][2025.01.24 21:06:22][line 988]
minitouch启动失败

[INFO][2025.01.24 21:08:45][line 911]
启动adb server

[INFO][2025.01.24 21:08:45][line 916]
连接设备: 127.0.0.1:7555

[INFO][2025.01.24 21:08:45][line 928]
屏幕大小: (1080, 1920)

[INFO][2025.01.24 21:08:45][line 940]
屏幕方向: 1度

[INFO][2025.01.24 21:08:45][line 950]
设备CPU架构: x86_64

[INFO][2025.01.24 21:08:47][line 990]
minitouch启动成功

[INFO][2025.01.24 21:08:47][line 911]
启动adb server

[INFO][2025.01.24 21:08:47][line 916]
连接设备: 127.0.0.1:7555

[INFO][2025.01.24 21:08:47][line 928]
屏幕大小: (1080, 1920)

[INFO][2025.01.24 21:08:47][line 940]
屏幕方向: 1度

[INFO][2025.01.24 21:08:47][line 950]
设备CPU架构: x86_64

[ERROR][2025.01.24 21:08:48][line 988]
minitouch启动失败

